






















































































































































































































































0.173391991956
-0.245481407533
0.257556351298
-0.358386929479
-0.369944327878
-0.41943391761
-0.432349305802
-0.615121913277
-0.830481122444
-0.875208595107
-1.20484838804
-1.23922531206
-1.45229468825
-1.68604788605
-1.89014642026
-2.01023844302
avg_daily_ret  0.0001429098  0.0006483785
avg_daily_ret -0.0001666161  0.0004635995
avg_daily_ret  0.0001718519  0.0006171137
avg_daily_ret -0.0001739733  0.0006827459
avg_daily_ret  0.0001840868  0.0004635995
avg_daily_ret  0.0003075415  0.0004635995
avg_daily_ret -0.0004465293  0.0005612524
avg_daily_ret  0.0004475852  0.0004635995
avg_daily_ret -0.0004622572  0.0006171137
avg_daily_ret -0.0005000758  0.0004635995
avg_daily_ret  0.0006210002  0.0004635995
avg_daily_ret  0.0006260327  0.0004635995
avg_daily_ret  0.0007678807  0.0004635995
avg_daily_ret  0.001436281  0.0004635995
avg_daily_ret -1.034764e-06  0.0004453134
avg_daily_ret -1.055919e-06 -0.0002413038
avg_daily_ret -1.058278e-05  0.0004666696
avg_daily_ret -1.071854e-06  0.0006135704
avg_daily_ret -1.090993e-06  0.0006169434
avg_daily_ret -1.142357e-05  0.0007311064
avg_daily_ret -1.173625e-06  0.000565844
avg_daily_ret  1.229507e-06  0.0001326159
avg_daily_ret   1.27645e-06  0.0002870159
avg_daily_ret -1.287235e-07  0.0005226109
avg_daily_ret -1.326425e-05  0.0005761601
avg_daily_ret   1.41751e-06  0.0002933198
avg_daily_ret -1.428601e-05  0.003716519
avg_daily_ret  1.514887e-06  0.0009264321
avg_daily_ret -1.519634e-05  0.0002265999
avg_daily_ret  1.567871e-06 -7.184939e-06
avg_daily_ret  1.573808e-05   0.0020083
avg_daily_ret  1.608023e-05  0.003490299
avg_daily_ret -1.614887e-06  4.081981e-06
avg_daily_ret -1.670819e-06  0.0007785102
avg_daily_ret -1.674839e-05  0.0005761601
avg_daily_ret -1.690108e-06  0.0007985871
avg_daily_ret -1.692657e-05  0.0006307663
avg_daily_ret -1.714678e-05 -0.003174328
avg_daily_ret  1.756501e-05  0.0004526158
avg_daily_ret -1.783025e-05  0.0002265999
avg_daily_ret  1.791455e-05  0.0004526158
avg_daily_ret -1.855309e-08  0.0004855419
avg_daily_ret  1.941922e-05  0.0004526158
avg_daily_ret  1.945479e-10  0.0004412214
avg_daily_ret  1.966832e-06  0.000268423
avg_daily_ret -1.968188e-05  0.0002265999
avg_daily_ret -1.975422e-06  0.000461228
avg_daily_ret -2.031097e-06 -0.00108749
avg_daily_ret  2.046687e-07 -7.184939e-06
avg_daily_ret -2.070672e-05  0.0005761601
avg_daily_ret -2.078028e-06  0.0008302795
avg_daily_ret  2.106997e-05  0.0006635398
avg_daily_ret  2.113029e-06  0.001074866
avg_daily_ret  2.134537e-05  0.0002933198
avg_daily_ret -2.15306e-05  0.0005761601
avg_daily_ret  2.180595e-06  0.0006628857
avg_daily_ret -2.185794e-05  0.0006757412
avg_daily_ret -2.186653e-07  0.0008622252
avg_daily_ret  2.220424e-06  0.0007616336
avg_daily_ret -2.278461e-06  0.0008126577
avg_daily_ret -2.32797e-06  0.000534662
avg_daily_ret -2.352453e-06  0.0006857231
avg_daily_ret -2.408948e-06  0.0004453134
avg_daily_ret -2.450912e-07  0.0006917636
avg_daily_ret  2.511414e-05  0.0006622214
avg_daily_ret -2.547372e-05  0.0005761601
avg_daily_ret  2.702843e-05  0.0007167811
avg_daily_ret -2.812942e-05 -0.005381858
avg_daily_ret -2.864193e-05  0.0006827459
avg_daily_ret -2.960127e-06  0.0004656884
avg_daily_ret  3.000471e-05  0.007967899
avg_daily_ret -3.022225e-05  0.0006827459
avg_daily_ret  3.152699e-07  0.0006486001
avg_daily_ret -3.164655e-06  0.0009103286
avg_daily_ret -3.245626e-06  0.0004453134
avg_daily_ret  3.275036e-05  0.0004526158
avg_daily_ret -3.336468e-05  0.0004635995
avg_daily_ret -3.448397e-06  0.0008078588
avg_daily_ret -3.523126e-06  0.0005496035
avg_daily_ret  3.592031e-07  0.0004526158
avg_daily_ret -3.606508e-06  0.0006307663
avg_daily_ret -3.688464e-05  0.0005761601
avg_daily_ret -3.770729e-05 -0.005665917
avg_daily_ret -3.822969e-06  0.0008889516
avg_daily_ret   3.95643e-06  0.0002483167
avg_daily_ret -4.020613e-06  0.0006635398
avg_daily_ret  4.031435e-06  0.0008573663
avg_daily_ret -4.091564e-05 -0.003256241
avg_daily_ret -4.203784e-07  0.0003683861
avg_daily_ret  4.204789e-06  0.0006622214
avg_daily_ret -4.325341e-06  0.0005130953
avg_daily_ret -4.586375e-06 -0.000195591
avg_daily_ret   4.80216e-06  0.0005051244
avg_daily_ret -4.804273e-07  0.0003683861
avg_daily_ret  -4.83921e-06  0.0001238485
avg_daily_ret  5.029272e-06  0.000738011
avg_daily_ret  5.039587e-06  0.0007274521
avg_daily_ret  5.476989e-06  0.0006307663
avg_daily_ret  -5.74633e-06  0.0007936044
avg_daily_ret  6.406381e-06  0.0004453134
avg_daily_ret  6.634124e-06  0.0004526158
avg_daily_ret    -6e-05  0.00253622
avg_daily_ret  7.418417e-07  1.694279e-05
avg_daily_ret -7.445199e-05  0.0006665309
avg_daily_ret -7.449854e-07  0.00075471
avg_daily_ret -7.680285e-07  0.000664578
avg_daily_ret -7.690807e-07  0.0007091776
avg_daily_ret -7.786577e-06  0.0005761601
avg_daily_ret  7.986562e-06 -7.184939e-06
avg_daily_ret -8.008552e-06  0.0003589614
avg_daily_ret  8.101021e-06  0.004507371
avg_daily_ret -8.114382e-06  0.0004635995
avg_daily_ret -8.133641e-07  0.001064867
avg_daily_ret  8.332405e-05  0.01262031
avg_daily_ret   8.33645e-06 -7.184939e-06
avg_daily_ret  8.551282e-06  0.0004526158
avg_daily_ret -9.002161e-08  0.0003683861
avg_daily_ret -9.012639e-07  0.001332998
avg_daily_ret -9.335653e-07  0.0004360919
avg_daily_ret  9.852503e-07  2.455137e-05
avg_daily_ret -9.921608e-07  0.0002933198
end analize.py
end analize.py
end analize.py
end analize.py
end analize.py
end analize.py
end analize.py
end analize.py
end analize.py
end analize.py
end analize.py
end analize.py
end analize.py
end analize.py
end analize.py
end analize.py
end analize.py
end analize.py
end analize.py
end analize.py
end analize.py
end analize.py
end analize.py
end analize.py
end analize.py
end analize.py
end analize.py
end analize.py
end analize.py
end analize.py
end analize.py
end analize.py
end analize.py
end analize.py
end analize.py
end analize.py
end analize.py
end analize.py
end analize.py
end analize.py
end analize.py
end analize.py
end analize.py
end analize.py
end analize.py
end analize.py
end analize.py
end analize.py
end analize.py
end analize.py
end analize.py
end analize.py
end analize.py
end analize.py
end analize.py
end analize.py
end analize.py
end analize.py
end analize.py
end analize.py
end analize.py
end analize.py
end analize.py
end analize.py
end analize.py
end analize.py
end analize.py
end analize.py
end analize.py
end analize.py
end analize.py
end analize.py
end analize.py
end analize.py
end analize.py
end analize.py
end analize.py
end analize.py
end analize.py
end analize.py
end analize.py
end analize.py
end analize.py
end analize.py
end analize.py
end analize.py
end analize.py
end analize.py
end analize.py
end analize.py
end analize.py
end analize.py
end analize.py
end analize.py
end analize.py
end analize.py
end analize.py
end analize.py
end analize.py
end analize.py
end analize.py
end analize.py
end analize.py
end analize.py
end analize.py
end analize.py
end analize.py
end analize.py
end analize.py
end analize.py
end analize.py
end analize.py
end analize.py
end analize.py
end analize.py
end analize.py
end analize.py
end analize.py
end analize.py
end analize.py
end analize.py
holding period is 1
holding period is 1
holding period is 1
holding period is 1
holding period is 1
holding period is 1
holding period is 1
holding period is 1
holding period is 1
holding period is 1
holding period is 1
holding period is 1
holding period is 1
holding period is 1
holding period is 1
holding period is 1
holding period is 1
holding period is 1
holding period is 1
holding period is 1
holding period is 1
holding period is 1
holding period is 1
holding period is 1
holding period is 1
holding period is 1
holding period is 1
holding period is 1
holding period is 1
holding period is 1
holding period is 1
holding period is 1
holding period is 1
holding period is 1
holding period is 1
holding period is 1
holding period is 1
holding period is 1
holding period is 1
holding period is 1
holding period is 1
holding period is 1
holding period is 1
holding period is 1
holding period is 1
holding period is 1
holding period is 1
holding period is 1
holding period is 1
holding period is 1
holding period is 1
holding period is 1
holding period is 1
holding period is 1
holding period is 1
holding period is 1
holding period is 1
holding period is 1
holding period is 1
holding period is 1
holding period is 1
holding period is 1
holding period is 1
holding period is 1
holding period is 1
holding period is 1
holding period is 1
holding period is 1
holding period is 1
holding period is 1
holding period is 1
holding period is 1
holding period is 1
holding period is 1
holding period is 1
holding period is 1
holding period is 1
holding period is 1
holding period is 1
holding period is 1
holding period is 1
holding period is 1
holding period is 1
holding period is 1
holding period is 1
holding period is 1
holding period is 1
holding period is 1
holding period is 1
holding period is 1
holding period is 1
holding period is 1
holding period is 1
holding period is 1
holding period is 1
holding period is 1
holding period is 1
holding period is 1
holding period is 1
holding period is 1
holding period is 1
holding period is 1
holding period is 1
holding period is 1
holding period is 1
holding period is 1
holding period is 1
holding period is 1
holding period is 1
holding period is 1
holding period is 1
holding period is 1
holding period is 1
holding period is 1
holding period is 1
holding period is 1
holding period is 1
holding period is 1
holding period is 1
holding period is 1
holding period is 1
holding period is 1
holding period is 1
holding period is 1
holding period is 1
holding period is 1
holding period is 1
holding period is 1
holding period is 1
holding period is 1
holding period is 1
holding period is 1
holding period is 1
holding period is 1
holding period is 1
holding period is 1
holding period is 1
holding period is 1
holding period is 1
holding period is 1
holding period is 1
holding period is 1
holding period is 1
holding period is 1
holding period is 1
holding period is 1
holding period is 1
holding period is 1
holding period is 1
holding period is 1
holding period is 1
holding period is 1
holding period is 1
holding period is 1
holding period is 1
holding period is 1
holding period is 1
holding period is 1
holding period is 1
holding period is 1
holding period is 1
holding period is 1
holding period is 1
holding period is 1
holding period is 1
holding period is 1
holding period is 1
holding period is 1
holding period is 1
holding period is 1
holding period is 1
holding period is 1
holding period is 1
holding period is 1
holding period is 1
holding period is 1
holding period is 1
holding period is 1
holding period is 1
holding period is 1
holding period is 1
holding period is 1
holding period is 1
holding period is 1
holding period is 1
holding period is 1
holding period is 1
holding period is 1
holding period is 1
holding period is 1
holding period is 1
holding period is 1
holding period is 1
holding period is 1
holding period is 1
holding period is 1
holding period is 1
holding period is 1
holding period is 1
holding period is 1
holding period is 1
holding period is 1
holding period is 1
holding period is 1
holding period is 1
holding period is 1
holding period is 1
holding period is 1
holding period is 1
holding period is 1
holding period is 10
holding period is 10
holding period is 10
holding period is 10
holding period is 10
holding period is 10
holding period is 10
holding period is 10
holding period is 10
holding period is 10
holding period is 10
holding period is 10
holding period is 10
holding period is 10
holding period is 10
holding period is 10
holding period is 10
holding period is 10
holding period is 10
holding period is 10
holding period is 10
holding period is 10
holding period is 10
holding period is 10
holding period is 10
holding period is 10
holding period is 10
holding period is 10
holding period is 10
holding period is 10
holding period is 10
holding period is 10
holding period is 10
holding period is 10
holding period is 10
holding period is 10
holding period is 10
holding period is 10
holding period is 10
holding period is 10
holding period is 10
holding period is 10
holding period is 10
holding period is 10
holding period is 10
holding period is 10
holding period is 10
holding period is 10
holding period is 10
holding period is 10
holding period is 10
holding period is 10
holding period is 10
holding period is 10
holding period is 10
holding period is 10
holding period is 10
holding period is 10
holding period is 10
holding period is 10
holding period is 10
holding period is 10
holding period is 10
holding period is 10
holding period is 10
holding period is 10
holding period is 10
holding period is 10
holding period is 10
holding period is 10
holding period is 10
holding period is 10
holding period is 10
holding period is 10
holding period is 10
holding period is 10
holding period is 10
holding period is 10
holding period is 10
holding period is 10
holding period is 10
holding period is 10
holding period is 10
holding period is 10
holding period is 10
holding period is 10
holding period is 10
holding period is 10
holding period is 10
holding period is 10
holding period is 10
holding period is 10
holding period is 10
holding period is 10
holding period is 10
holding period is 10
holding period is 10
holding period is 10
holding period is 10
holding period is 10
holding period is 10
holding period is 10
holding period is 10
holding period is 10
holding period is 10
holding period is 10
holding period is 10
holding period is 10
holding period is 10
holding period is 10
holding period is 10
holding period is 10
holding period is 10
holding period is 10
holding period is 10
holding period is 10
holding period is 10
holding period is 10
holding period is 10
holding period is 10
holding period is 100
holding period is 100
holding period is 100
holding period is 100
holding period is 100
holding period is 100
holding period is 100
holding period is 100
holding period is 100
holding period is 100
holding period is 100
holding period is 100
holding period is 100
holding period is 100
holding period is 100
holding period is 100
holding period is 100
holding period is 100
holding period is 100
holding period is 100
holding period is 100
holding period is 100
holding period is 100
holding period is 100
holding period is 100
holding period is 100
holding period is 100
holding period is 100
holding period is 100
holding period is 100
holding period is 100
holding period is 100
holding period is 100
holding period is 100
holding period is 100
holding period is 100
holding period is 100
holding period is 100
holding period is 100
holding period is 100
holding period is 100
holding period is 100
holding period is 100
holding period is 100
holding period is 100
holding period is 100
holding period is 100
holding period is 100
holding period is 100
holding period is 100
holding period is 100
holding period is 100
holding period is 100
holding period is 100
holding period is 100
holding period is 100
holding period is 100
holding period is 100
holding period is 100
holding period is 100
holding period is 100
holding period is 100
holding period is 100
holding period is 100
holding period is 100
holding period is 100
holding period is 100
holding period is 100
holding period is 100
holding period is 100
holding period is 100
holding period is 100
holding period is 100
holding period is 100
holding period is 100
holding period is 100
holding period is 100
holding period is 100
holding period is 100
holding period is 100
holding period is 100
holding period is 100
holding period is 100
holding period is 100
holding period is 100
holding period is 100
holding period is 100
holding period is 100
holding period is 100
holding period is 100
holding period is 100
holding period is 100
holding period is 100
holding period is 100
holding period is 100
holding period is 100
holding period is 100
holding period is 100
holding period is 100
holding period is 100
holding period is 100
holding period is 100
holding period is 100
holding period is 100
holding period is 100
holding period is 100
holding period is 100
holding period is 100
holding period is 100
holding period is 100
holding period is 100
holding period is 100
holding period is 100
holding period is 100
holding period is 100
holding period is 100
holding period is 100
holding period is 100
holding period is 100
holding period is 100
holding period is 20
holding period is 20
holding period is 20
holding period is 20
holding period is 20
holding period is 20
holding period is 20
holding period is 20
holding period is 20
holding period is 20
holding period is 20
holding period is 20
holding period is 20
holding period is 20
holding period is 20
holding period is 20
holding period is 20
holding period is 20
holding period is 20
holding period is 20
holding period is 20
holding period is 20
holding period is 20
holding period is 20
holding period is 20
holding period is 20
holding period is 20
holding period is 20
holding period is 20
holding period is 20
holding period is 20
holding period is 20
holding period is 20
holding period is 20
holding period is 20
holding period is 20
holding period is 20
holding period is 20
holding period is 20
holding period is 20
holding period is 20
holding period is 20
holding period is 20
holding period is 20
holding period is 20
holding period is 20
holding period is 20
holding period is 20
holding period is 20
holding period is 20
holding period is 20
holding period is 20
holding period is 20
holding period is 20
holding period is 20
holding period is 20
holding period is 20
holding period is 20
holding period is 20
holding period is 20
holding period is 20
holding period is 20
holding period is 20
holding period is 20
holding period is 20
holding period is 20
holding period is 20
holding period is 20
holding period is 20
holding period is 20
holding period is 20
holding period is 20
holding period is 20
holding period is 20
holding period is 20
holding period is 20
holding period is 20
holding period is 20
holding period is 20
holding period is 20
holding period is 20
holding period is 20
holding period is 20
holding period is 20
holding period is 20
holding period is 20
holding period is 20
holding period is 20
holding period is 20
holding period is 20
holding period is 20
holding period is 20
holding period is 20
holding period is 20
holding period is 20
holding period is 20
holding period is 20
holding period is 20
holding period is 20
holding period is 20
holding period is 20
holding period is 20
holding period is 20
holding period is 20
holding period is 20
holding period is 20
holding period is 20
holding period is 20
holding period is 20
holding period is 20
holding period is 20
holding period is 20
holding period is 20
holding period is 20
holding period is 20
holding period is 20
holding period is 20
holding period is 20
holding period is 20
holding period is 20
holding period is 250
holding period is 250
holding period is 250
holding period is 250
holding period is 250
holding period is 250
holding period is 250
holding period is 250
holding period is 250
holding period is 250
holding period is 250
holding period is 250
holding period is 250
holding period is 250
holding period is 250
holding period is 250
holding period is 250
holding period is 250
holding period is 250
holding period is 250
holding period is 250
holding period is 250
holding period is 250
holding period is 250
holding period is 250
holding period is 250
holding period is 250
holding period is 250
holding period is 250
holding period is 250
holding period is 250
holding period is 250
holding period is 250
holding period is 250
holding period is 250
holding period is 250
holding period is 250
holding period is 250
holding period is 250
holding period is 250
holding period is 250
holding period is 250
holding period is 250
holding period is 250
holding period is 250
holding period is 250
holding period is 250
holding period is 250
holding period is 250
holding period is 250
holding period is 250
holding period is 250
holding period is 250
holding period is 250
holding period is 250
holding period is 250
holding period is 250
holding period is 250
holding period is 250
holding period is 250
holding period is 250
holding period is 250
holding period is 250
holding period is 250
holding period is 250
holding period is 250
holding period is 250
holding period is 250
holding period is 250
holding period is 250
holding period is 250
holding period is 250
holding period is 250
holding period is 250
holding period is 250
holding period is 250
holding period is 250
holding period is 250
holding period is 250
holding period is 250
holding period is 250
holding period is 250
holding period is 250
holding period is 250
holding period is 250
holding period is 250
holding period is 250
holding period is 250
holding period is 250
holding period is 250
holding period is 250
holding period is 250
holding period is 250
holding period is 250
holding period is 250
holding period is 250
holding period is 250
holding period is 250
holding period is 250
holding period is 250
holding period is 250
holding period is 250
holding period is 250
holding period is 250
holding period is 250
holding period is 250
holding period is 250
holding period is 250
holding period is 250
holding period is 250
holding period is 250
holding period is 250
holding period is 250
holding period is 250
holding period is 250
holding period is 250
holding period is 250
holding period is 250
holding period is 250
holding period is 250
holding period is 5
holding period is 5
holding period is 5
holding period is 5
holding period is 5
holding period is 5
holding period is 5
holding period is 5
holding period is 5
holding period is 5
holding period is 5
holding period is 5
holding period is 5
holding period is 5
holding period is 5
holding period is 5
holding period is 5
holding period is 5
holding period is 5
holding period is 5
holding period is 5
holding period is 5
holding period is 5
holding period is 5
holding period is 5
holding period is 5
holding period is 5
holding period is 5
holding period is 5
holding period is 5
holding period is 5
holding period is 5
holding period is 5
holding period is 5
holding period is 5
holding period is 5
holding period is 5
holding period is 5
holding period is 5
holding period is 5
holding period is 5
holding period is 5
holding period is 5
holding period is 5
holding period is 5
holding period is 5
holding period is 5
holding period is 5
holding period is 5
holding period is 5
holding period is 5
holding period is 5
holding period is 5
holding period is 5
holding period is 5
holding period is 5
holding period is 5
holding period is 5
holding period is 5
holding period is 5
holding period is 5
holding period is 5
holding period is 5
holding period is 5
holding period is 5
holding period is 5
holding period is 5
holding period is 5
holding period is 5
holding period is 5
holding period is 5
holding period is 5
holding period is 5
holding period is 5
holding period is 5
holding period is 5
holding period is 5
holding period is 5
holding period is 5
holding period is 5
holding period is 5
holding period is 5
holding period is 5
holding period is 5
holding period is 5
holding period is 5
holding period is 5
holding period is 5
holding period is 5
holding period is 5
holding period is 5
holding period is 5
holding period is 5
holding period is 5
holding period is 5
holding period is 5
holding period is 5
holding period is 5
holding period is 5
holding period is 5
holding period is 5
holding period is 5
holding period is 5
holding period is 5
holding period is 5
holding period is 5
holding period is 5
holding period is 5
holding period is 5
holding period is 5
holding period is 5
holding period is 5
holding period is 5
holding period is 5
holding period is 5
holding period is 5
holding period is 5
holding period is 5
holding period is 5
holding period is 5
holding period is 5
holding period is 5
holding period is 5
holding period is 50
holding period is 50
holding period is 50
holding period is 50
holding period is 50
holding period is 50
holding period is 50
holding period is 50
holding period is 50
holding period is 50
holding period is 50
holding period is 50
holding period is 50
holding period is 50
holding period is 50
holding period is 50
holding period is 50
holding period is 50
holding period is 50
holding period is 50
holding period is 50
holding period is 50
holding period is 50
holding period is 50
holding period is 50
holding period is 50
holding period is 50
holding period is 50
holding period is 50
holding period is 50
holding period is 50
holding period is 50
holding period is 50
holding period is 50
holding period is 50
holding period is 50
holding period is 50
holding period is 50
holding period is 50
holding period is 50
holding period is 50
holding period is 50
holding period is 50
holding period is 50
holding period is 50
holding period is 50
holding period is 50
holding period is 50
holding period is 50
holding period is 50
holding period is 50
holding period is 50
holding period is 50
holding period is 50
holding period is 50
holding period is 50
holding period is 50
holding period is 50
holding period is 50
holding period is 50
holding period is 50
holding period is 50
holding period is 50
holding period is 50
holding period is 50
holding period is 50
holding period is 50
holding period is 50
holding period is 50
holding period is 50
holding period is 50
holding period is 50
holding period is 50
holding period is 50
holding period is 50
holding period is 50
holding period is 50
holding period is 50
holding period is 50
holding period is 50
holding period is 50
holding period is 50
holding period is 50
holding period is 50
holding period is 50
holding period is 50
holding period is 50
holding period is 50
holding period is 50
holding period is 50
holding period is 50
holding period is 50
holding period is 50
holding period is 50
holding period is 50
holding period is 50
holding period is 50
holding period is 50
holding period is 50
holding period is 50
holding period is 50
holding period is 50
holding period is 50
holding period is 50
holding period is 50
holding period is 50
holding period is 50
holding period is 50
holding period is 50
holding period is 50
holding period is 50
holding period is 50
holding period is 50
holding period is 50
holding period is 50
holding period is 50
holding period is 50
holding period is 50
holding period is 50
holding period is 50
lookback period is 10
lookback period is 10
lookback period is 10
lookback period is 10
lookback period is 10
lookback period is 10
lookback period is 10
lookback period is 10
lookback period is 10
lookback period is 10
lookback period is 10
lookback period is 10
lookback period is 10
lookback period is 10
lookback period is 10
lookback period is 10
lookback period is 10
lookback period is 10
lookback period is 10
lookback period is 10
lookback period is 10
lookback period is 10
lookback period is 10
lookback period is 10
lookback period is 10
lookback period is 10
lookback period is 10
lookback period is 10
lookback period is 10
lookback period is 10
lookback period is 10
lookback period is 10
lookback period is 10
lookback period is 10
lookback period is 10
lookback period is 10
lookback period is 10
lookback period is 10
lookback period is 10
lookback period is 10
lookback period is 10
lookback period is 10
lookback period is 10
lookback period is 10
lookback period is 10
lookback period is 10
lookback period is 10
lookback period is 10
lookback period is 10
lookback period is 10
lookback period is 10
lookback period is 10
lookback period is 10
lookback period is 10
lookback period is 10
lookback period is 10
lookback period is 10
lookback period is 10
lookback period is 10
lookback period is 10
lookback period is 10
lookback period is 10
lookback period is 10
lookback period is 10
lookback period is 10
lookback period is 10
lookback period is 10
lookback period is 10
lookback period is 10
lookback period is 10
lookback period is 10
lookback period is 10
lookback period is 10
lookback period is 10
lookback period is 10
lookback period is 10
lookback period is 10
lookback period is 10
lookback period is 10
lookback period is 10
lookback period is 10
lookback period is 10
lookback period is 10
lookback period is 10
lookback period is 10
lookback period is 10
lookback period is 10
lookback period is 10
lookback period is 10
lookback period is 10
lookback period is 10
lookback period is 10
lookback period is 10
lookback period is 10
lookback period is 10
lookback period is 10
lookback period is 10
lookback period is 10
lookback period is 10
lookback period is 10
lookback period is 10
lookback period is 10
lookback period is 10
lookback period is 10
lookback period is 10
lookback period is 10
lookback period is 10
lookback period is 10
lookback period is 10
lookback period is 10
lookback period is 10
lookback period is 10
lookback period is 10
lookback period is 10
lookback period is 10
lookback period is 10
lookback period is 10
lookback period is 10
lookback period is 10
lookback period is 10
lookback period is 10
lookback period is 10
lookback period is 10
lookback period is 10
lookback period is 10
lookback period is 10
lookback period is 10
lookback period is 10
lookback period is 10
lookback period is 10
lookback period is 10
lookback period is 10
lookback period is 10
lookback period is 10
lookback period is 10
lookback period is 10
lookback period is 10
lookback period is 10
lookback period is 10
lookback period is 10
lookback period is 10
lookback period is 10
lookback period is 10
lookback period is 10
lookback period is 10
lookback period is 10
lookback period is 10
lookback period is 10
lookback period is 10
lookback period is 10
lookback period is 10
lookback period is 10
lookback period is 10
lookback period is 10
lookback period is 10
lookback period is 10
lookback period is 10
lookback period is 10
lookback period is 10
lookback period is 10
lookback period is 10
lookback period is 10
lookback period is 10
lookback period is 10
lookback period is 10
lookback period is 10
lookback period is 10
lookback period is 10
lookback period is 10
lookback period is 10
lookback period is 10
lookback period is 10
lookback period is 10
lookback period is 10
lookback period is 10
lookback period is 10
lookback period is 10
lookback period is 10
lookback period is 10
lookback period is 10
lookback period is 10
lookback period is 10
lookback period is 10
lookback period is 10
lookback period is 10
lookback period is 10
lookback period is 10
lookback period is 10
lookback period is 10
lookback period is 10
lookback period is 10
lookback period is 10
lookback period is 10
lookback period is 10
lookback period is 10
lookback period is 10
lookback period is 10
lookback period is 10
lookback period is 10
lookback period is 10
lookback period is 10
lookback period is 10
lookback period is 10
lookback period is 10
lookback period is 10
lookback period is 10
lookback period is 10
lookback period is 10
lookback period is 10
lookback period is 10
lookback period is 10
lookback period is 10
lookback period is 10
lookback period is 10
lookback period is 10
lookback period is 10
lookback period is 10
lookback period is 10
lookback period is 10
lookback period is 10
lookback period is 10
lookback period is 10
lookback period is 10
lookback period is 10
lookback period is 10
lookback period is 10
lookback period is 10
lookback period is 10
lookback period is 10
lookback period is 10
lookback period is 10
lookback period is 10
lookback period is 10
lookback period is 10
lookback period is 10
lookback period is 10
lookback period is 10
lookback period is 10
lookback period is 10
lookback period is 10
lookback period is 10
lookback period is 10
lookback period is 10
lookback period is 10
lookback period is 10
lookback period is 10
lookback period is 10
lookback period is 10
lookback period is 10
lookback period is 10
lookback period is 10
lookback period is 10
lookback period is 10
lookback period is 10
lookback period is 10
lookback period is 10
lookback period is 10
lookback period is 10
lookback period is 10
lookback period is 10
lookback period is 10
lookback period is 10
lookback period is 10
lookback period is 10
lookback period is 10
lookback period is 10
lookback period is 10
lookback period is 10
lookback period is 10
lookback period is 10
lookback period is 10
lookback period is 10
lookback period is 10
lookback period is 10
lookback period is 10
lookback period is 10
lookback period is 10
lookback period is 10
lookback period is 10
lookback period is 10
lookback period is 10
lookback period is 10
lookback period is 10
lookback period is 10
lookback period is 10
lookback period is 10
lookback period is 10
lookback period is 10
lookback period is 10
lookback period is 10
lookback period is 10
lookback period is 10
lookback period is 10
lookback period is 10
lookback period is 10
lookback period is 10
lookback period is 10
lookback period is 10
lookback period is 10
lookback period is 10
lookback period is 10
lookback period is 10
lookback period is 10
lookback period is 10
lookback period is 10
lookback period is 10
lookback period is 10
lookback period is 10
lookback period is 10
lookback period is 10
lookback period is 10
lookback period is 10
lookback period is 10
lookback period is 10
lookback period is 10
lookback period is 10
lookback period is 10
lookback period is 10
lookback period is 10
lookback period is 10
lookback period is 10
lookback period is 10
lookback period is 10
lookback period is 10
lookback period is 10
lookback period is 10
lookback period is 10
lookback period is 10
lookback period is 10
lookback period is 10
lookback period is 10
lookback period is 10
lookback period is 10
lookback period is 10
lookback period is 10
lookback period is 10
lookback period is 10
lookback period is 10
lookback period is 10
lookback period is 10
lookback period is 10
lookback period is 10
lookback period is 10
lookback period is 10
lookback period is 10
lookback period is 10
lookback period is 10
lookback period is 10
lookback period is 10
lookback period is 10
lookback period is 10
lookback period is 10
lookback period is 10
lookback period is 10
lookback period is 10
lookback period is 10
lookback period is 10
lookback period is 10
lookback period is 10
lookback period is 10
lookback period is 10
lookback period is 10
lookback period is 10
lookback period is 10
lookback period is 10
lookback period is 10
lookback period is 10
lookback period is 10
lookback period is 10
lookback period is 10
lookback period is 10
lookback period is 10
lookback period is 10
lookback period is 15
lookback period is 15
lookback period is 15
lookback period is 15
lookback period is 15
lookback period is 15
lookback period is 15
lookback period is 15
lookback period is 15
lookback period is 15
lookback period is 15
lookback period is 15
lookback period is 15
lookback period is 15
lookback period is 15
lookback period is 15
lookback period is 15
lookback period is 15
lookback period is 15
lookback period is 15
lookback period is 15
lookback period is 15
lookback period is 15
lookback period is 15
lookback period is 15
lookback period is 15
lookback period is 15
lookback period is 15
lookback period is 15
lookback period is 15
lookback period is 15
lookback period is 15
lookback period is 15
lookback period is 15
lookback period is 15
lookback period is 15
lookback period is 15
lookback period is 15
lookback period is 15
lookback period is 15
lookback period is 15
lookback period is 15
lookback period is 15
lookback period is 15
lookback period is 15
lookback period is 15
lookback period is 15
lookback period is 15
lookback period is 15
lookback period is 15
lookback period is 15
lookback period is 15
lookback period is 15
lookback period is 15
lookback period is 15
lookback period is 15
lookback period is 15
lookback period is 15
lookback period is 15
lookback period is 15
lookback period is 15
lookback period is 15
lookback period is 15
lookback period is 15
lookback period is 15
lookback period is 15
lookback period is 15
lookback period is 15
lookback period is 15
lookback period is 15
lookback period is 15
lookback period is 15
lookback period is 15
lookback period is 15
lookback period is 15
lookback period is 15
lookback period is 15
lookback period is 15
lookback period is 15
lookback period is 15
lookback period is 15
lookback period is 15
lookback period is 15
lookback period is 15
lookback period is 15
lookback period is 15
lookback period is 15
lookback period is 15
lookback period is 15
lookback period is 15
lookback period is 15
lookback period is 15
lookback period is 15
lookback period is 15
lookback period is 15
lookback period is 15
lookback period is 15
lookback period is 15
lookback period is 15
lookback period is 15
lookback period is 15
lookback period is 15
lookback period is 15
lookback period is 15
lookback period is 15
lookback period is 15
lookback period is 15
lookback period is 15
lookback period is 15
lookback period is 15
lookback period is 15
lookback period is 15
lookback period is 15
lookback period is 15
lookback period is 15
lookback period is 15
lookback period is 15
lookback period is 15
lookback period is 15
lookback period is 15
lookback period is 15
lookback period is 15
lookback period is 15
lookback period is 15
lookback period is 15
lookback period is 15
lookback period is 15
lookback period is 15
lookback period is 15
lookback period is 15
lookback period is 15
lookback period is 15
lookback period is 15
lookback period is 15
lookback period is 15
lookback period is 15
lookback period is 15
lookback period is 15
lookback period is 15
lookback period is 15
lookback period is 15
lookback period is 15
lookback period is 15
lookback period is 15
lookback period is 15
lookback period is 15
lookback period is 15
lookback period is 15
lookback period is 15
lookback period is 15
lookback period is 15
lookback period is 15
lookback period is 15
lookback period is 15
lookback period is 15
lookback period is 15
lookback period is 15
lookback period is 15
lookback period is 15
lookback period is 15
lookback period is 15
lookback period is 15
lookback period is 15
lookback period is 15
lookback period is 15
lookback period is 15
lookback period is 15
lookback period is 15
lookback period is 15
lookback period is 15
lookback period is 15
lookback period is 15
lookback period is 15
lookback period is 15
lookback period is 15
lookback period is 15
lookback period is 15
lookback period is 15
lookback period is 15
lookback period is 15
lookback period is 15
lookback period is 15
lookback period is 15
lookback period is 15
lookback period is 15
lookback period is 15
lookback period is 15
lookback period is 15
lookback period is 15
lookback period is 15
lookback period is 15
lookback period is 15
lookback period is 15
lookback period is 15
lookback period is 15
lookback period is 15
lookback period is 15
lookback period is 15
lookback period is 15
lookback period is 15
lookback period is 15
lookback period is 15
lookback period is 15
lookback period is 15
lookback period is 15
lookback period is 15
lookback period is 15
lookback period is 15
lookback period is 15
lookback period is 15
lookback period is 15
lookback period is 15
lookback period is 15
lookback period is 15
lookback period is 15
lookback period is 15
lookback period is 15
lookback period is 15
lookback period is 15
lookback period is 15
lookback period is 15
lookback period is 15
lookback period is 15
lookback period is 15
lookback period is 15
lookback period is 15
lookback period is 15
lookback period is 15
lookback period is 15
lookback period is 15
lookback period is 15
lookback period is 15
lookback period is 15
lookback period is 15
lookback period is 15
lookback period is 15
lookback period is 15
lookback period is 15
lookback period is 15
lookback period is 15
lookback period is 15
lookback period is 15
lookback period is 15
lookback period is 15
lookback period is 15
lookback period is 15
lookback period is 15
lookback period is 15
lookback period is 15
lookback period is 15
lookback period is 15
lookback period is 15
lookback period is 15
lookback period is 15
lookback period is 15
lookback period is 15
lookback period is 15
lookback period is 15
lookback period is 15
lookback period is 15
lookback period is 15
lookback period is 15
lookback period is 15
lookback period is 15
lookback period is 15
lookback period is 15
lookback period is 15
lookback period is 15
lookback period is 15
lookback period is 15
lookback period is 15
lookback period is 15
lookback period is 15
lookback period is 15
lookback period is 15
lookback period is 15
lookback period is 15
lookback period is 15
lookback period is 15
lookback period is 15
lookback period is 20
lookback period is 20
lookback period is 20
lookback period is 20
lookback period is 20
lookback period is 20
lookback period is 20
lookback period is 20
lookback period is 20
lookback period is 20
lookback period is 20
lookback period is 20
lookback period is 20
lookback period is 20
lookback period is 20
lookback period is 20
lookback period is 20
lookback period is 20
lookback period is 20
lookback period is 20
lookback period is 20
lookback period is 20
lookback period is 20
lookback period is 20
lookback period is 20
lookback period is 20
lookback period is 20
lookback period is 20
lookback period is 20
lookback period is 20
lookback period is 20
lookback period is 20
lookback period is 20
lookback period is 20
lookback period is 20
lookback period is 20
lookback period is 20
lookback period is 20
lookback period is 20
lookback period is 20
lookback period is 20
lookback period is 20
lookback period is 20
lookback period is 20
lookback period is 20
lookback period is 20
lookback period is 20
lookback period is 20
lookback period is 20
lookback period is 20
lookback period is 20
lookback period is 20
lookback period is 20
lookback period is 20
lookback period is 20
lookback period is 20
lookback period is 20
lookback period is 20
lookback period is 20
lookback period is 20
lookback period is 20
lookback period is 20
lookback period is 20
lookback period is 20
lookback period is 20
lookback period is 20
lookback period is 20
lookback period is 20
lookback period is 20
lookback period is 20
lookback period is 20
lookback period is 20
lookback period is 20
lookback period is 20
lookback period is 20
lookback period is 20
lookback period is 20
lookback period is 20
lookback period is 20
lookback period is 20
lookback period is 20
lookback period is 20
lookback period is 20
lookback period is 20
lookback period is 20
lookback period is 20
lookback period is 20
lookback period is 20
lookback period is 20
lookback period is 20
lookback period is 20
lookback period is 20
lookback period is 20
lookback period is 20
lookback period is 20
lookback period is 20
lookback period is 20
lookback period is 20
lookback period is 20
lookback period is 20
lookback period is 20
lookback period is 20
lookback period is 20
lookback period is 20
lookback period is 20
lookback period is 20
lookback period is 20
lookback period is 20
lookback period is 20
lookback period is 20
lookback period is 20
lookback period is 20
lookback period is 20
lookback period is 20
lookback period is 20
lookback period is 20
lookback period is 20
lookback period is 20
lookback period is 20
lookback period is 20
lookback period is 20
lookback period is 20
lookback period is 20
lookback period is 20
lookback period is 20
lookback period is 20
lookback period is 20
lookback period is 20
lookback period is 20
lookback period is 20
lookback period is 20
lookback period is 20
lookback period is 20
lookback period is 20
lookback period is 20
lookback period is 20
lookback period is 20
lookback period is 20
lookback period is 20
lookback period is 20
lookback period is 20
lookback period is 20
lookback period is 20
lookback period is 20
lookback period is 20
lookback period is 20
lookback period is 20
lookback period is 20
lookback period is 20
lookback period is 20
lookback period is 20
lookback period is 20
lookback period is 20
lookback period is 20
lookback period is 20
lookback period is 20
lookback period is 20
lookback period is 20
lookback period is 20
lookback period is 20
lookback period is 20
lookback period is 20
lookback period is 20
lookback period is 20
lookback period is 20
lookback period is 20
lookback period is 20
lookback period is 20
lookback period is 20
lookback period is 20
lookback period is 20
lookback period is 20
lookback period is 20
lookback period is 20
lookback period is 20
lookback period is 20
lookback period is 20
lookback period is 20
lookback period is 20
lookback period is 20
lookback period is 20
lookback period is 20
lookback period is 20
lookback period is 20
lookback period is 20
lookback period is 20
lookback period is 20
lookback period is 20
lookback period is 20
lookback period is 20
lookback period is 20
lookback period is 20
lookback period is 20
lookback period is 20
lookback period is 20
lookback period is 20
lookback period is 20
lookback period is 20
lookback period is 20
lookback period is 20
lookback period is 20
lookback period is 20
lookback period is 20
lookback period is 20
lookback period is 20
lookback period is 20
lookback period is 20
lookback period is 20
lookback period is 20
lookback period is 20
lookback period is 20
lookback period is 20
lookback period is 20
lookback period is 20
lookback period is 20
lookback period is 20
lookback period is 20
lookback period is 20
lookback period is 20
lookback period is 20
lookback period is 20
lookback period is 20
lookback period is 20
lookback period is 20
lookback period is 20
lookback period is 20
lookback period is 20
lookback period is 20
lookback period is 20
lookback period is 20
lookback period is 20
lookback period is 20
lookback period is 20
lookback period is 20
lookback period is 20
lookback period is 20
lookback period is 20
lookback period is 20
lookback period is 20
lookback period is 20
lookback period is 20
lookback period is 20
lookback period is 20
lookback period is 20
lookback period is 20
lookback period is 20
lookback period is 20
lookback period is 20
lookback period is 20
lookback period is 20
lookback period is 20
lookback period is 20
lookback period is 20
lookback period is 20
lookback period is 20
lookback period is 20
lookback period is 20
lookback period is 20
lookback period is 20
lookback period is 20
lookback period is 20
lookback period is 20
lookback period is 20
lookback period is 20
lookback period is 20
lookback period is 20
lookback period is 20
lookback period is 20
lookback period is 20
lookback period is 20
lookback period is 20
lookback period is 20
lookback period is 20
lookback period is 20
lookback period is 20
lookback period is 20
lookback period is 20
lookback period is 20
lookback period is 20
lookback period is 20
sharpe_ratio     0.00015656     0.3585435
sharpe_ratio   -0.003957607     0.3659867
sharpe_ratio    0.009151024  -0.006097088
sharpe_ratio    -0.01499283      0.350733
sharpe_ratio    -0.03015551      0.350733
sharpe_ratio     0.03047775     0.2226478
sharpe_ratio    -0.03672708     0.2226478
sharpe_ratio    -0.04653002     0.5010013
sharpe_ratio     0.05700264     0.3758553
sharpe_ratio    -0.05945073     0.3931484
sharpe_ratio     0.06694177     0.4863757
sharpe_ratio     0.06807004  -0.006097088
sharpe_ratio    -0.07967437     0.4330462
sharpe_ratio    -0.08145721     0.3624866
sharpe_ratio    -0.08627811     0.3624866
sharpe_ratio     0.08904908     0.5010013
sharpe_ratio      0.1178307    0.02059464
sharpe_ratio     -0.1209284     0.3114209
sharpe_ratio     -0.1369027    -0.2071181
sharpe_ratio      0.1449296    0.01436136
sharpe_ratio     -0.1578058     0.4330462
sharpe_ratio      0.1586532    0.2257769
sharpe_ratio     -0.1694032     0.4330462
sharpe_ratio     -0.1819849     0.3532484
sharpe_ratio     -0.1821436      0.350733
sharpe_ratio     -0.1857376     0.5839154
sharpe_ratio     -0.1957512     0.6041577
sharpe_ratio     -0.1968053     0.4330462
sharpe_ratio      0.2206824     0.2226478
sharpe_ratio     -0.2361534    0.5409476
sharpe_ratio     -0.2367326     0.1850631
sharpe_ratio      0.2411379      0.350733
sharpe_ratio     -0.2487577     0.5134805
sharpe_ratio    -0.2513393     0.4330462
sharpe_ratio       0.251865     0.4973464
sharpe_ratio     -0.2548471     0.4975167
sharpe_ratio     -0.2554729     0.7080276
sharpe_ratio      0.2647682     0.6257861
sharpe_ratio      0.2660873      0.350733
sharpe_ratio     -0.2738169     0.5966354
sharpe_ratio     -0.2882843     0.344493
sharpe_ratio      0.2917512     0.5364728
sharpe_ratio      0.3040931     0.3624866
sharpe_ratio     -0.3161721     0.4330462
sharpe_ratio      0.3352695     0.1125231
sharpe_ratio     -0.3507971   0.003476783
sharpe_ratio     -0.3571032     0.4733779
sharpe_ratio     -0.3945729     0.1850631
sharpe_ratio      -0.396212     0.3624866
sharpe_ratio     -0.4235734     0.3879064
sharpe_ratio      -0.428616     0.5471521
sharpe_ratio     -0.4383497     0.6179398
sharpe_ratio      0.4451466      0.350733
sharpe_ratio     -0.4485882     0.2714867
sharpe_ratio      0.4546435     0.2001604
sharpe_ratio      0.4586913     0.7675739
sharpe_ratio      0.4629967     0.7851527
sharpe_ratio     0.4690109      0.350733
sharpe_ratio      0.4735128     0.5479899
sharpe_ratio       -0.47389     0.5134805
sharpe_ratio      0.4748844     0.3758553
sharpe_ratio     -0.4806224     0.6843488
sharpe_ratio      0.4945762      0.350733
sharpe_ratio      0.5061705     0.3758553
sharpe_ratio      0.5152655     0.3758553
sharpe_ratio      0.5200732     0.2432217
sharpe_ratio     -0.5371591     0.4142659
sharpe_ratio      0.5571798     0.3758553
sharpe_ratio      -0.558457     0.3114209
sharpe_ratio     -0.5637877     0.3114209
sharpe_ratio     -0.5773434      0.505876
sharpe_ratio     -0.5800506     0.1028412
sharpe_ratio      0.5933361     0.4868877
sharpe_ratio     -0.5938433     0.5933427
sharpe_ratio     -0.5988506     0.5923469
sharpe_ratio      0.6104056      0.350733
sharpe_ratio      0.6261724      0.350733
sharpe_ratio     -0.6447065     0.5134805
sharpe_ratio     -0.6604914     0.4330462
sharpe_ratio      0.6612341  -0.006097088
sharpe_ratio      0.6707384     0.4973464
sharpe_ratio     -0.6976805      0.350733
sharpe_ratio      0.7309343     0.4733779
sharpe_ratio     -0.7314705     0.4733779
sharpe_ratio      0.7379566     0.3758553
sharpe_ratio     -0.7381562     0.5010692
sharpe_ratio     -0.7430995     0.3774174
sharpe_ratio     -0.7518583     0.4224966
sharpe_ratio     -0.7641972     0.5806688
sharpe_ratio     -0.7732263     0.6790684
sharpe_ratio      0.8253504    0.8847931
sharpe_ratio     -0.8496764   0.6238569
sharpe_ratio     -0.8692184    0.4765659
sharpe_ratio     -0.9047213    0.8789918
sharpe_ratio      0.9102835     0.4134268
sharpe_ratio       0.915545     0.3758553
sharpe_ratio     -0.9171617     0.1850631
sharpe_ratio     -0.9319064     1.078332
sharpe_ratio      0.9393914  -0.006097088
sharpe_ratio      -1.023434     0.6626136
sharpe_ratio       10.40726    15.64366
sharpe_ratio      -1.048343     0.4648768
sharpe_ratio      -10.75667    -1.760093
sharpe_ratio         1.1311    0.6080296
sharpe_ratio       1.133309     4.906382
sharpe_ratio       1.183834     0.4648768
sharpe_ratio     -1.228084    0.4318552
sharpe_ratio      -1.354977  -0.7398552
sharpe_ratio      -1.377365     0.5127814
sharpe_ratio      -1.403391     0.5557709
sharpe_ratio       1.430397     0.6045548
sharpe_ratio      -1.452836   -0.1647979
sharpe_ratio      -1.506111     0.3987518
sharpe_ratio  -15.87451    15.87451
sharpe_ratio       1.986808     3.486877
sharpe_ratio       1.989865    1.893735
sharpe_ratio      -2.981059    -2.104134
sharpe_ratio       3.510473     11.19641
sharpe_ratio       -8.02013    -3.256912
sharpe_ratio      -8.113826    -3.093264
sharpe_ratio        -9.0748     1.808273
start analyze.py
start analyze.py
start analyze.py
start analyze.py
start analyze.py
start analyze.py
start analyze.py
start analyze.py
start analyze.py
start analyze.py
start analyze.py
start analyze.py
start analyze.py
start analyze.py
start analyze.py
start analyze.py
start analyze.py
start analyze.py
start analyze.py
start analyze.py
start analyze.py
start analyze.py
start analyze.py
start analyze.py
start analyze.py
start analyze.py
start analyze.py
start analyze.py
start analyze.py
start analyze.py
start analyze.py
start analyze.py
start analyze.py
start analyze.py
start analyze.py
start analyze.py
start analyze.py
start analyze.py
start analyze.py
start analyze.py
start analyze.py
start analyze.py
start analyze.py
start analyze.py
start analyze.py
start analyze.py
start analyze.py
start analyze.py
start analyze.py
start analyze.py
start analyze.py
start analyze.py
start analyze.py
start analyze.py
start analyze.py
start analyze.py
start analyze.py
start analyze.py
start analyze.py
start analyze.py
start analyze.py
start analyze.py
start analyze.py
start analyze.py
start analyze.py
start analyze.py
start analyze.py
start analyze.py
start analyze.py
start analyze.py
start analyze.py
start analyze.py
start analyze.py
start analyze.py
start analyze.py
start analyze.py
start analyze.py
start analyze.py
start analyze.py
start analyze.py
start analyze.py
start analyze.py
start analyze.py
start analyze.py
start analyze.py
start analyze.py
start analyze.py
start analyze.py
start analyze.py
start analyze.py
start analyze.py
start analyze.py
start analyze.py
start analyze.py
start analyze.py
start analyze.py
start analyze.py
start analyze.py
start analyze.py
start analyze.py
start analyze.py
start analyze.py
start analyze.py
start analyze.py
start analyze.py
start analyze.py
start analyze.py
start analyze.py
start analyze.py
start analyze.py
start analyze.py
start analyze.py
start analyze.py
start analyze.py
start analyze.py
start analyze.py
start analyze.py
start analyze.py
start analyze.py
start analyze.py
start analyze.py
start analyze.py
start analyze.py
start analyze.py
std_daily_ret  0.0001000335    0.01911654
std_daily_ret  0.0001041179    0.02106059
std_daily_ret  0.0001087775   0.02125375
std_daily_ret  0.0001134727   0.01458351
std_daily_ret  0.0001189498    0.02115246
std_daily_ret  0.0001224387    0.01849466
std_daily_ret  0.0001255534  0.01683486
std_daily_ret  0.0001270967  0.01280654
std_daily_ret  0.0001284803   0.01589008
std_daily_ret  0.0001324369    0.01911719
std_daily_ret  0.0001327359    0.01892439
std_daily_ret  0.0001331283    0.01932059
std_daily_ret  0.0001349626    0.01870686
std_daily_ret  0.0001356825   0.01129706
std_daily_ret  0.0001381442    0.01969373
std_daily_ret  0.0001382235    0.01733455
std_daily_ret  0.0001428006    0.02116482
std_daily_ret  0.0001523254    0.02126808
std_daily_ret  0.0001621033    0.02099768
std_daily_ret  0.0001903886    0.01950177
std_daily_ret   0.000196797   0.01887298
std_daily_ret  0.0002001364    0.01870686
std_daily_ret  0.0002043868    0.01911654
std_daily_ret  0.0002260754    0.01962854
std_daily_ret  0.0002681851    0.01911654
std_daily_ret  0.0002796488    0.02122685
std_daily_ret  0.0002834043    0.02098937
std_daily_ret  0.0003045573    0.01911654
std_daily_ret  0.0003086112    0.01943749
std_daily_ret   0.000334431    0.01950177
std_daily_ret  0.0003550438    0.01870686
std_daily_ret  0.0003656407    0.01870686
std_daily_ret  0.0004177355    0.01911654
std_daily_ret  0.0004230912    0.02121157
std_daily_ret  0.0004288406    0.02091334
std_daily_ret  0.0005988502    0.01911654
std_daily_ret  0.0006010011    0.02120492
std_daily_ret  0.0006280729    0.02112074
std_daily_ret  0.0006325126    0.01950177
std_daily_ret  0.0007052458    0.02110743
std_daily_ret  0.0007383177    0.02091334
std_daily_ret  0.0007524462    0.02115246
std_daily_ret  0.0007918439    0.01943749
std_daily_ret  0.0008864998    0.02112074
std_daily_ret  0.0009330844    0.01911654
std_daily_ret   0.001019016    0.01943749
std_daily_ret   0.001039652    0.02112074
std_daily_ret  0.001359866    0.02112074
std_daily_ret   0.001371701    0.02102463
std_daily_ret   0.001470647    0.02120992
std_daily_ret   0.001535452    0.02091334
std_daily_ret    0.00158289    0.02113706
std_daily_ret   0.001601136    0.02111655
std_daily_ret   0.001684808    0.02112074
std_daily_ret   0.001928637    0.02110743
std_daily_ret   0.002304431    0.02107306
std_daily_ret   0.002387103    0.02112074
std_daily_ret     0.0026428    0.02112074
std_daily_ret   0.003756078    0.02102463
std_daily_ret   0.003823502    0.02113976
std_daily_ret   0.004787451    0.02098295
std_daily_ret   0.005827807    0.02110743
std_daily_ret   0.006999716    0.02107306
std_daily_ret   0.008591559    0.02098295
std_daily_ret   0.009427883    0.02108799
std_daily_ret    0.01134703    0.02098295
std_daily_ret    0.01137836    0.02098295
std_daily_ret    0.01452122    0.02098295
std_daily_ret    0.01756388    0.02098295
std_daily_ret    0.01993236    0.02098295
std_daily_ret    0.02024597    0.02098295
std_daily_ret    0.02738363    0.02098295
std_daily_ret     0.0373485    0.02098295
std_daily_ret    0.0486135    0.02098295
std_daily_ret  1.181731e-05    0.01877828
std_daily_ret  1.194953e-05    0.01877828
std_daily_ret  1.257399e-05    0.01909912
std_daily_ret  1.352734e-05    0.01877828
std_daily_ret  1.358737e-05    0.01933173
std_daily_ret  1.391857e-05  0.01920417
std_daily_ret  1.427153e-05    0.0192314
std_daily_ret  1.535253e-05   0.01962354
std_daily_ret  1.972632e-05    0.01953507
std_daily_ret  2.055892e-05    0.01897359
std_daily_ret  2.143388e-05   0.01884838
std_daily_ret  2.379572e-05  0.02333345
std_daily_ret  2.499046e-05   0.03262665
std_daily_ret  2.660986e-05    0.01958634
std_daily_ret  3.00919e-05   0.01965357
std_daily_ret  3.119994e-05    0.01853929
std_daily_ret   3.43717e-05    0.02110193
std_daily_ret  3.896185e-05    0.01873286
std_daily_ret  4.064127e-05   0.01928469
std_daily_ret  5.011334e-05   0.01884072
std_daily_ret  5.091227e-06    0.01891165
std_daily_ret  5.162779e-05   0.01950253
std_daily_ret   5.24276e-05    0.01915992
std_daily_ret  5.503454e-05   0.02761948
std_daily_ret  5.592922e-05    0.01910157
std_daily_ret  5.821533e-05    0.01870915
std_daily_ret  5.929814e-05    0.02129698
std_daily_ret  6.038261e-05   0.02936847
std_daily_ret  6.497107e-05    0.02128065
std_daily_ret  6.676613e-05    0.01957749
std_daily_ret     6e-05  0.00253622
std_daily_ret  7.058369e-05   0.01926808
std_daily_ret  7.307795e-05    0.01863776
std_daily_ret  7.310442e-05    0.01920288
std_daily_ret  7.441899e-05    0.02106016
std_daily_ret  7.463529e-05   0.02761624
std_daily_ret  7.476279e-05    0.02116925
std_daily_ret  7.525422e-05    0.02132939
std_daily_ret  7.525543e-05    0.01885083
std_daily_ret   7.82691e-05    0.02115246
std_daily_ret  8.125583e-05    0.01872793
std_daily_ret  8.143475e-05    0.01959738
std_daily_ret  8.374525e-05    0.01939545
std_daily_ret   9.13087e-05   0.02394852
std_daily_ret  9.651616e-05    0.01950177
std_daily_ret  9.798386e-05    0.02124778
std_daily_ret  9.951563e-05    0.02113706
total_ret           0.75349      1.128773
total_ret           0.78506      1.180725
total_ret           0.78721      1.213323
total_ret           0.87227      1.128773
total_ret           0.90967      1.128773
total_ret           0.91191      1.247407
total_ret           0.96211       1.25319
total_ret           0.96289      1.128773
total_ret           0.97764      1.128773
total_ret           0.98146      1.193289
total_ret           0.98465      1.247407
total_ret           0.98588      1.193289
total_ret           0.98617      1.247407
total_ret          0.98879      1.193289
total_ret           0.98915      1.249363
total_ret           0.98939      1.193289
total_ret           0.99092      1.193289
total_ret           0.99121      1.231559
total_ret           0.99128      1.016537
total_ret           0.99162      1.193289
total_ret            0.9922      1.016537
total_ret           0.99314      1.016537
total_ret           0.99434      1.282672
total_ret           0.99566      1.118765
total_ret             0.996      1.193289
total_ret           0.99612      1.068666
total_ret           0.99724       1.31228
total_ret           0.99759      1.239151
total_ret           0.99795      1.147766
total_ret           0.99812      1.384274
total_ret           0.99815      1.231559
total_ret           0.99831      1.325687
total_ret           0.99835      1.165115
total_ret           0.99843       1.12332
total_ret           0.99844      1.400094
total_ret           0.99875     0.9847209
total_ret           0.99884    0.9097083
total_ret            0.9989       1.12332
total_ret           0.99897       1.24138
total_ret           0.99901      1.331518
total_ret           0.99902    0.8540392
total_ret           0.99904    0.8233987
total_ret          0.99909     1.142738
total_ret           0.99918      1.309975
total_ret           0.99918      1.318704
total_ret           0.99934      1.067484
total_ret           0.99947      1.036578
total_ret           0.99948      1.155507
total_ret           0.99951     0.9496972
total_ret           0.99952       1.12332
total_ret           0.99952      1.207461
total_ret           0.99955    0.9116445
total_ret           0.99955    0.9601426
total_ret           0.99963     0.8660956
total_ret           0.99963      1.101098
total_ret           0.99966     1.233164
total_ret            0.9997      1.126704
total_ret           0.99974    1.220047
total_ret           0.99975     1.085958
total_ret           0.99979     1.025045
total_ret           0.99979     1.304097
total_ret           0.99983     1.201564
total_ret           0.99984      1.065807
total_ret           0.99984      1.116089
total_ret           0.99986      1.065807
total_ret           0.99987   0.9164449
total_ret       0.99988    1.005072
total_ret            0.9999     1.022466
total_ret           0.99993      1.241076
total_ret           0.99994      1.148646
total_ret           0.99995      1.110033
total_ret           0.99997      1.065807
total_ret           0.99999      1.131012
total_ret           1.00005      0.937512
total_ret           1.00013      1.104015
total_ret           1.00016      1.242117
total_ret           1.00017     1.096598
total_ret           1.00025      0.960993
total_ret           1.00026     0.9455493
total_ret           1.00033      1.09048
total_ret           1.00033      1.175504
total_ret           1.00042     0.9853792
total_ret           1.00043      1.038074
total_ret           1.00045      1.20812
total_ret            1.0005     1.07764
total_ret           1.00053      0.937512
total_ret           1.00056      1.036578
total_ret            1.0006     1.028007
total_ret           1.00075       1.21504
total_ret           1.00078      1.186711
total_ret           1.00082     1.186793
total_ret           1.00101      1.194116
total_ret           1.00158      1.021891
total_ret           1.00158       1.10983
total_ret           1.00159    1.207241
total_ret           1.00163     1.195852
total_ret           1.00178      1.211971
total_ret           1.00214      1.249616
total_ret           1.00243      1.104015
total_ret           1.00281      1.231559
total_ret           1.00282      0.937512
total_ret            1.0029       1.12332
total_ret           1.00294      0.937512
total_ret           1.00313      1.104015
total_ret           1.00645      1.104015
total_ret           1.00653      1.104015
total_ret           1.00682      1.239151
total_ret           1.00712      1.104015
total_ret           1.00991      1.036578
total_ret           1.01193      1.104015
total_ret           1.01222      1.249616
total_ret           1.01235      1.261114
total_ret           1.05178      1.128773
total_ret           1.06679      1.223925
total_ret           1.08662      1.213323
total_ret           1.09014      1.128773
total_ret                 1      1.107433
total_ret          1.12921      1.128773
total_ret           1.21109      1.128773
total_ret           1.21527      1.128773
total_ret           1.23502      1.128773
trigger is 0
trigger is 0
trigger is 0
trigger is 0
trigger is 0
trigger is 0
trigger is 0
trigger is 0
trigger is 0
trigger is 0
trigger is 0
trigger is 0
trigger is 0
trigger is 0
trigger is 0
trigger is 0
trigger is 0
trigger is 0
trigger is 0
trigger is 0
trigger is 0
trigger is 0
trigger is 0
trigger is 0
trigger is 0
trigger is 0
trigger is 0
trigger is 0
trigger is 0
trigger is 0
trigger is 0
trigger is 0
trigger is 0
trigger is 0
trigger is 0
trigger is 0
trigger is 0
trigger is 0
trigger is 0
trigger is 0
trigger is 0
trigger is 0
trigger is 0
trigger is 0
trigger is 0
trigger is 0
trigger is 0
trigger is 0
trigger is 0
trigger is 0
trigger is 0
trigger is 0
trigger is 0
trigger is 0
trigger is 0
trigger is 0
trigger is 0
trigger is 0
trigger is 0
trigger is 0
trigger is 0
trigger is 0
trigger is 0
trigger is 0
trigger is 0
trigger is 0
trigger is 0
trigger is 0
trigger is 0
trigger is 0
trigger is 0
trigger is 0
trigger is 0
trigger is 0
trigger is 0
trigger is 0
trigger is 0
trigger is 0
trigger is 0
trigger is 0
trigger is 0
trigger is 0
trigger is 0
trigger is 0
trigger is 0
trigger is 0
trigger is 0
trigger is 0
trigger is 0
trigger is 0
trigger is 0
trigger is 0
trigger is 0
trigger is 0
trigger is 0
trigger is 0
trigger is 0
trigger is 0
trigger is 0
trigger is 0
trigger is 0
trigger is 0
trigger is 0
trigger is 0
trigger is 0
trigger is 0
trigger is 0
trigger is 0
trigger is 0
trigger is 0
trigger is 0
trigger is 0
trigger is 0
trigger is 0
trigger is 0
trigger is 0
trigger is 0
trigger is 0
trigger is 0
trigger is 0
trigger is 0
trigger is 0
trigger is 0
trigger is 0
trigger is 0
trigger is 0
trigger is 0
trigger is 0
trigger is 0
trigger is 0
trigger is 0
trigger is 0
trigger is 0
trigger is 0
trigger is 0
trigger is 0
trigger is 0
trigger is 0
trigger is 0
trigger is 0
trigger is 0
trigger is 1
trigger is 1
trigger is 1
trigger is 1
trigger is 1
trigger is 1
trigger is 1
trigger is 1
trigger is 1
trigger is 1
trigger is 1
trigger is 1
trigger is 1
trigger is 1
trigger is 1
trigger is 1
trigger is 1
trigger is 1
trigger is 1
trigger is 1
trigger is 1
trigger is -1
trigger is -1
trigger is -1
trigger is -1
trigger is -1
trigger is -1
trigger is -1
trigger is -1
trigger is -1
trigger is -1
trigger is -1
trigger is -1
trigger is -1
trigger is -1
trigger is -1
trigger is -1
trigger is -1
trigger is -1
trigger is -1
trigger is -1
trigger is -1
trigger is -1.0
trigger is -1.0
trigger is -1.0
trigger is -1.0
trigger is -1.0
trigger is -1.0
trigger is -1.0
trigger is -1.0
trigger is -1.0
trigger is -1.0
trigger is -1.0
trigger is -1.0
trigger is -1.0
trigger is -1.0
trigger is -1.0
trigger is -1.0
trigger is -1.0
trigger is -1.0
trigger is -1.0
trigger is -1.0
trigger is -1.0
trigger is -1.0
trigger is -1.0
trigger is -1.0
trigger is -1.0
trigger is -1.0
trigger is -1.0
trigger is -1.0
trigger is -1.0
trigger is -1.0
trigger is -1.0
trigger is -1.0
trigger is -1.0
trigger is -1.0
trigger is -1.0
trigger is -1.0
trigger is -1.0
trigger is -1.0
trigger is -1.0
trigger is -1.0
trigger is -1.0
trigger is -1.0
trigger is -1.0
trigger is -1.0
trigger is -1.0
trigger is -1.0
trigger is -1.0
trigger is -1.0
trigger is -1.0
trigger is -1.0
trigger is -1.0
trigger is -1.0
trigger is -1.0
trigger is -1.0
trigger is -1.0
trigger is -1.0
trigger is -1.0
trigger is -1.0
trigger is -1.0
trigger is -1.0
trigger is -1.0
trigger is -1.0
trigger is -1.0
trigger is -1.0
trigger is -1.0
trigger is -1.0
trigger is -1.0
trigger is -1.0
trigger is -1.0
trigger is -1.0
trigger is -1.0
trigger is -1.0
trigger is -1.0
trigger is -1.0
trigger is -1.0
trigger is -1.0
trigger is -1.0
trigger is -1.0
trigger is -1.0
trigger is -1.0
trigger is -1.0
trigger is -1.0
trigger is -1.0
trigger is -1.0
trigger is -1.0
trigger is -1.0
trigger is -1.0
trigger is -1.0
trigger is -1.0
trigger is -1.0
trigger is -1.0
trigger is -1.0
trigger is -1.0
trigger is -1.0
trigger is -1.0
trigger is -1.0
trigger is -1.0
trigger is -1.0
trigger is -1.0
trigger is -1.0
trigger is -1.0
trigger is -1.0
trigger is -1.0
trigger is -1.0
trigger is -1.0
trigger is -1.0
trigger is -1.0
trigger is -1.0
trigger is -1.0
trigger is -1.0
trigger is -1.0
trigger is -1.0
trigger is -1.0
trigger is -1.0
trigger is -1.0
trigger is -1.0
trigger is -1.0
trigger is -1.0
trigger is -1.0
trigger is -1.0
trigger is 1.0
trigger is 1.0
trigger is 1.0
trigger is 1.0
trigger is 1.0
trigger is 1.0
trigger is 1.0
trigger is 1.0
trigger is 1.0
trigger is 1.0
trigger is 1.0
trigger is 1.0
trigger is 1.0
trigger is 1.0
trigger is 1.0
trigger is 1.0
trigger is 1.0
trigger is 1.0
trigger is 1.0
trigger is 1.0
trigger is 1.0
trigger is 1.0
trigger is 1.0
trigger is 1.0
trigger is 1.0
trigger is 1.0
trigger is 1.0
trigger is 1.0
trigger is 1.0
trigger is 1.0
trigger is 1.0
trigger is 1.0
trigger is 1.0
trigger is 1.0
trigger is 1.0
trigger is 1.0
trigger is 1.0
trigger is 1.0
trigger is 1.0
trigger is 1.0
trigger is 1.0
trigger is 1.0
trigger is 1.0
trigger is 1.0
trigger is 1.0
trigger is 1.0
trigger is 1.0
trigger is 1.0
trigger is 1.0
trigger is 1.0
trigger is 1.0
trigger is 1.0
trigger is 1.0
trigger is 1.0
trigger is 1.0
trigger is 1.0
trigger is 1.0
trigger is 1.0
trigger is 1.0
trigger is 1.0
trigger is 1.0
trigger is 1.0
trigger is 1.0
trigger is 1.0
trigger is 1.0
trigger is 1.0
trigger is 1.0
trigger is 1.0
trigger is 1.0
trigger is 1.0
trigger is 1.0
trigger is 1.0
trigger is 1.0
trigger is 1.0
trigger is 1.0
trigger is 1.0
trigger is 1.0
trigger is 1.0
trigger is 1.0
trigger is 1.0
trigger is 1.0
trigger is 1.0
trigger is 1.0
trigger is 1.0
trigger is 1.0
trigger is 1.0
trigger is 1.0
trigger is 1.0
trigger is 1.0
trigger is 1.0
trigger is 1.0
trigger is 1.0
trigger is 1.0
trigger is 1.0
trigger is 1.0
trigger is 1.0
trigger is 1.0
trigger is 1.0
trigger is 1.0
trigger is 1.0
trigger is 1.0
trigger is 1.0
trigger is 1.0
trigger is 1.0
trigger is 1.0
trigger is 1.0
trigger is 1.0
trigger is 1.0
trigger is 1.0
trigger is 1.0
trigger is 1.0
trigger is 1.0
trigger is 1.0
trigger is 1.0
trigger is 1.0
trigger is 1.0
trigger is -1.3
trigger is -1.3
trigger is -1.3
trigger is -1.3
trigger is -1.3
trigger is -1.3
trigger is -1.3
trigger is -1.3
trigger is -1.3
trigger is -1.3
trigger is -1.3
trigger is -1.3
trigger is -1.3
trigger is -1.3
trigger is -1.3
trigger is -1.3
trigger is -1.3
trigger is -1.3
trigger is -1.3
trigger is -1.3
trigger is -1.3
trigger is -1.3
trigger is -1.3
trigger is -1.3
trigger is -1.3
trigger is -1.3
trigger is -1.3
trigger is -1.3
trigger is -1.3
trigger is -1.3
trigger is -1.3
trigger is -1.3
trigger is -1.3
trigger is -1.3
trigger is -1.3
trigger is -1.3
trigger is -1.3
trigger is -1.3
trigger is -1.3
trigger is -1.3
trigger is -1.3
trigger is -1.3
trigger is -1.3
trigger is -1.3
trigger is -1.3
trigger is -1.3
trigger is -1.3
trigger is -1.3
trigger is -1.3
trigger is -1.3
trigger is -1.3
trigger is -1.3
trigger is -1.3
trigger is -1.3
trigger is -1.3
trigger is -1.3
trigger is -1.3
trigger is -1.3
trigger is -1.3
trigger is -1.3
trigger is -1.3
trigger is -1.3
trigger is -1.3
trigger is -1.3
trigger is -1.3
trigger is -1.3
trigger is -1.3
trigger is -1.3
trigger is -1.3
trigger is -1.3
trigger is -1.3
trigger is -1.3
trigger is -1.3
trigger is -1.3
trigger is -1.3
trigger is -1.3
trigger is -1.3
trigger is -1.3
trigger is -1.3
trigger is -1.3
trigger is -1.3
trigger is -1.3
trigger is -1.3
trigger is -1.3
trigger is -1.3
trigger is -1.3
trigger is -1.3
trigger is -1.3
trigger is -1.3
trigger is -1.3
trigger is -1.3
trigger is -1.3
trigger is -1.3
trigger is -1.3
trigger is -1.3
trigger is -1.3
trigger is -1.3
trigger is -1.3
trigger is -1.3
trigger is -1.3
trigger is -1.3
trigger is -1.3
trigger is -1.3
trigger is -1.3
trigger is -1.3
trigger is -1.3
trigger is -1.3
trigger is -1.3
trigger is -1.3
trigger is -1.3
trigger is -1.3
trigger is -1.3
trigger is -1.3
trigger is -1.3
trigger is -1.3
trigger is -1.3
trigger is -1.3
trigger is -1.3
trigger is -1.3
trigger is -1.3
trigger is 1.3
trigger is 1.3
trigger is 1.3
trigger is 1.3
trigger is 1.3
trigger is 1.3
trigger is 1.3
trigger is 1.3
trigger is 1.3
trigger is 1.3
trigger is 1.3
trigger is 1.3
trigger is 1.3
trigger is 1.3
trigger is 1.3
trigger is 1.3
trigger is 1.3
trigger is 1.3
trigger is 1.3
trigger is 1.3
trigger is 1.3
trigger is 1.3
trigger is 1.3
trigger is 1.3
trigger is 1.3
trigger is 1.3
trigger is 1.3
trigger is 1.3
trigger is 1.3
trigger is 1.3
trigger is 1.3
trigger is 1.3
trigger is 1.3
trigger is 1.3
trigger is 1.3
trigger is 1.3
trigger is 1.3
trigger is 1.3
trigger is 1.3
trigger is 1.3
trigger is 1.3
trigger is 1.3
trigger is 1.3
trigger is 1.3
trigger is 1.3
trigger is 1.3
trigger is 1.3
trigger is 1.3
trigger is 1.3
trigger is 1.3
trigger is 1.3
trigger is 1.3
trigger is 1.3
trigger is 1.3
trigger is 1.3
trigger is 1.3
trigger is 1.3
trigger is 1.3
trigger is 1.3
trigger is 1.3
trigger is 1.3
trigger is 1.3
trigger is 1.3
trigger is 1.3
trigger is 1.3
trigger is 1.3
trigger is 1.3
trigger is 1.3
trigger is 1.3
trigger is 1.3
trigger is 1.3
trigger is 1.3
trigger is 1.3
trigger is 1.3
trigger is 1.3
trigger is 1.3
trigger is 1.3
trigger is 1.3
trigger is 1.3
trigger is 1.3
trigger is 1.3
trigger is 1.3
trigger is 1.3
trigger is 1.3
trigger is 1.3
trigger is 1.3
trigger is 1.3
trigger is 1.3
trigger is 1.3
trigger is 1.3
trigger is 1.3
trigger is 1.3
trigger is 1.3
trigger is 1.3
trigger is 1.3
trigger is 1.3
trigger is 1.3
trigger is 1.3
trigger is 1.3
trigger is 1.3
trigger is 1.3
trigger is 1.3
trigger is 1.3
trigger is 1.3
trigger is 1.3
trigger is 1.3
trigger is 1.3
trigger is 1.3
trigger is 1.3
trigger is 1.3
trigger is 1.3
trigger is 1.3
trigger is 1.3
trigger is 1.3
trigger is 1.3
trigger is -1.5
trigger is -1.5
trigger is -1.5
trigger is -1.5
trigger is -1.5
trigger is -1.5
trigger is -1.5
trigger is -1.5
trigger is -1.5
trigger is -1.5
trigger is -1.5
trigger is -1.5
trigger is -1.5
trigger is -1.5
trigger is -1.5
trigger is -1.5
trigger is -1.5
trigger is -1.5
trigger is -1.5
trigger is -1.5
trigger is -1.5
trigger is -1.5
trigger is -1.5
trigger is -1.5
trigger is -1.5
trigger is -1.5
trigger is -1.5
trigger is -1.5
trigger is -1.5
trigger is -1.5
trigger is -1.5
trigger is -1.5
trigger is -1.5
trigger is -1.5
trigger is -1.5
trigger is -1.5
trigger is -1.5
trigger is -1.5
trigger is -1.5
trigger is -1.5
trigger is -1.5
trigger is -1.5
trigger is -1.5
trigger is -1.5
trigger is -1.5
trigger is -1.5
trigger is -1.5
trigger is -1.5
trigger is -1.5
trigger is -1.5
trigger is -1.5
trigger is -1.5
trigger is -1.5
trigger is -1.5
trigger is -1.5
trigger is -1.5
trigger is -1.5
trigger is -1.5
trigger is -1.5
trigger is -1.5
trigger is -1.5
trigger is -1.5
trigger is -1.5
trigger is -1.5
trigger is -1.5
trigger is -1.5
trigger is -1.5
trigger is -1.5
trigger is -1.5
trigger is -1.5
trigger is -1.5
trigger is -1.5
trigger is -1.5
trigger is -1.5
trigger is -1.5
trigger is -1.5
trigger is -1.5
trigger is -1.5
trigger is -1.5
trigger is -1.5
trigger is -1.5
trigger is -1.5
trigger is -1.5
trigger is -1.5
trigger is -1.5
trigger is -1.5
trigger is -1.5
trigger is -1.5
trigger is -1.5
trigger is -1.5
trigger is -1.5
trigger is -1.5
trigger is -1.5
trigger is -1.5
trigger is -1.5
trigger is -1.5
trigger is -1.5
trigger is -1.5
trigger is -1.5
trigger is -1.5
trigger is -1.5
trigger is -1.5
trigger is -1.5
trigger is -1.5
trigger is -1.5
trigger is -1.5
trigger is -1.5
trigger is -1.5
trigger is -1.5
trigger is -1.5
trigger is -1.5
trigger is -1.5
trigger is -1.5
trigger is -1.5
trigger is -1.5
trigger is -1.5
trigger is -1.5
trigger is -1.5
trigger is -1.5
trigger is -1.5
trigger is -1.5
trigger is -1.5
trigger is -1.5
trigger is 1.5
trigger is 1.5
trigger is 1.5
trigger is 1.5
trigger is 1.5
trigger is 1.5
trigger is 1.5
trigger is 1.5
trigger is 1.5
trigger is 1.5
trigger is 1.5
trigger is 1.5
trigger is 1.5
trigger is 1.5
trigger is 1.5
trigger is 1.5
trigger is 1.5
trigger is 1.5
trigger is 1.5
trigger is 1.5
trigger is 1.5
trigger is 1.5
trigger is 1.5
trigger is 1.5
trigger is 1.5
trigger is 1.5
trigger is 1.5
trigger is 1.5
trigger is 1.5
trigger is 1.5
trigger is 1.5
trigger is 1.5
trigger is 1.5
trigger is 1.5
trigger is 1.5
trigger is 1.5
trigger is 1.5
trigger is 1.5
trigger is 1.5
trigger is 1.5
trigger is 1.5
trigger is 1.5
trigger is 1.5
trigger is 1.5
trigger is 1.5
trigger is 1.5
trigger is 1.5
trigger is 1.5
trigger is 1.5
trigger is 1.5
trigger is 1.5
trigger is 1.5
trigger is 1.5
trigger is 1.5
trigger is 1.5
trigger is 1.5
trigger is 1.5
trigger is 1.5
trigger is 1.5
trigger is 1.5
trigger is 1.5
trigger is 1.5
trigger is 1.5
trigger is 1.5
trigger is 1.5
trigger is 1.5
trigger is 1.5
trigger is 1.5
trigger is 1.5
trigger is 1.5
trigger is 1.5
trigger is 1.5
trigger is 1.5
trigger is 1.5
trigger is 1.5
trigger is 1.5
trigger is 1.5
trigger is 1.5
trigger is 1.5
trigger is 1.5
trigger is 1.5
trigger is 1.5
trigger is 1.5
trigger is 1.5
trigger is 1.5
trigger is 1.5
trigger is 1.5
trigger is 1.5
trigger is 1.5
trigger is 1.5
trigger is 1.5
trigger is 1.5
trigger is 1.5
trigger is 1.5
trigger is 1.5
trigger is 1.5
trigger is 1.5
trigger is 1.5
trigger is 1.5
trigger is 1.5
trigger is 1.5
trigger is 1.5
trigger is 1.5
trigger is 1.5
trigger is 1.5
trigger is 1.5
trigger is 1.5
trigger is 1.5
trigger is 1.5
trigger is 1.5
trigger is 1.5
trigger is 1.5
trigger is 1.5
trigger is 1.5
trigger is 2
trigger is 2
trigger is 2
trigger is 2
trigger is 2
trigger is 2
trigger is 2
trigger is 2
trigger is 2
trigger is 2
trigger is 2
trigger is 2
trigger is 2
trigger is 2
trigger is 2
trigger is 2
trigger is 2
trigger is 2
trigger is 2
trigger is 2
trigger is 2
trigger is -2
trigger is -2
trigger is -2
trigger is -2
trigger is -2
trigger is -2
trigger is -2
trigger is -2
trigger is -2
trigger is -2
trigger is -2
trigger is -2
trigger is -2
trigger is -2
trigger is -2
trigger is -2
trigger is -2
trigger is -2
trigger is -2
trigger is -2
trigger is -2
                        val       FTSE.AT
                        val       FTSE.AT
                        val       FTSE.AT
                        val       FTSE.AT
                        val       FTSE.AT
                        val       FTSE.AT
                        val       FTSE.AT
                        val       FTSE.AT
                        val       FTSE.AT
                        val       FTSE.AT
                        val       FTSE.AT
                        val       FTSE.AT
                        val       FTSE.AT
                        val       FTSE.AT
                        val       FTSE.AT
                        val       FTSE.AT
                        val       FTSE.AT
                        val       FTSE.AT
                        val       FTSE.AT
                        val       FTSE.AT
                        val       FTSE.AT
                        val       FTSE.AT
                        val       FTSE.AT
                        val       FTSE.AT
                        val       FTSE.AT
                        val       FTSE.AT
                        val       FTSE.AT
                        val       FTSE.AT
                        val       FTSE.AT
                        val       FTSE.AT
                        val       FTSE.AT
                        val       FTSE.AT
                        val       FTSE.AT
                        val       FTSE.AT
                        val       FTSE.AT
                        val       FTSE.AT
                        val       FTSE.AT
                        val       FTSE.AT
                        val       FTSE.AT
                        val       FTSE.AT
                        val       FTSE.AT
                        val       FTSE.AT
                        val       FTSE.AT
                        val       FTSE.AT
                        val       FTSE.AT
                        val       FTSE.AT
                        val       FTSE.AT
                        val       FTSE.AT
                        val       FTSE.AT
                        val       FTSE.AT
                        val       FTSE.AT
                        val       FTSE.AT
                        val       FTSE.AT
                        val       FTSE.AT
                        val       FTSE.AT
                        val       FTSE.AT
                        val       FTSE.AT
                        val       FTSE.AT
                        val       FTSE.AT
                        val       FTSE.AT
                        val       FTSE.AT
                        val       FTSE.AT
                        val       FTSE.AT
                        val       FTSE.AT
                        val       FTSE.AT
                        val       FTSE.AT
                        val       FTSE.AT
                        val       FTSE.AT
                        val       FTSE.AT
                        val       FTSE.AT
                        val       FTSE.AT
                        val       FTSE.AT
                        val       FTSE.AT
                        val       FTSE.AT
                        val       FTSE.AT
                        val       FTSE.AT
                        val       FTSE.AT
                        val       FTSE.AT
                        val       FTSE.AT
                        val       FTSE.AT
                        val       FTSE.AT
                        val       FTSE.AT
                        val       FTSE.AT
                        val       FTSE.AT
                        val       FTSE.AT
                        val       FTSE.AT
                        val       FTSE.AT
                        val       FTSE.AT
                        val       FTSE.AT
                        val       FTSE.AT
                        val       FTSE.AT
                        val       FTSE.AT
                        val       FTSE.AT
                        val       FTSE.AT
                        val       FTSE.AT
                        val       FTSE.AT
                        val      FTSE.AT
                        val      FTSE.AT
                        val      FTSE.AT
                        val      FTSE.AT
                        val      FTSE.AT
                        val      FTSE.AT
                        val      FTSE.AT
                        val      FTSE.AT
                        val      FTSE.AT
                        val      FTSE.AT
                        val      FTSE.AT
                        val      FTSE.AT
                        val      FTSE.AT
                        val      FTSE.AT
                        val      FTSE.AT
                        val      FTSE.AT
                        val      FTSE.AT
                        val     FTSE.AT
                        val     FTSE.AT
                        val     FTSE.AT
                        val     FTSE.AT
                       val       FTSE.AT
                       val       FTSE.AT
                       val      FTSE.AT
                    val     FTSE.AT
:wq!
10 10 1.3 0 0.000226980022659
10 250 0 1.5 0.000626248422215
10 100 1.3 0 0.00535560553447
15 100 -1.5 1 0.00778711059357
20 5 -1.3 -1 0.0124497508021
10 10 1.3 -1.5 0.0210841908952
20 20 0 0 0.02583357059
10 10 1.3 1 0.0269415522582
20 250 1.0 -1.5 0.0291170887598
20 5 -1.0 1 0.0310612083334
10 5 1.3 0 0.0398284608902
10 10 -1.0 -1 0.0417976583125
15 100 -1.5 1.5 0.0441987792467
20 250 -1.0 -1.5 0.0482276483527
20 1 -1.3 0 0.0515043004037
20 250 1.3 1.5 0.0530472972064
10 5 1.3 -1.5 0.0539331513843
10 250 1.5 1 0.0631451271865
15 250 -1.0 -1.5 0.0634075498618
10 1 1.5 1 0.0682991490487
10 100 -1.3 -1.5 0.0771552198738
10 10 -1.5 1 0.0930914126955
20 250 1.5 0 0.0996083543297
20 250 1.5 -1 0.10053293065
15 5 -1.0 1.5 0.100949034925
10 10 0 0 0.101867807519
20 250 1.5 -1.5 0.102421176299
10 250 -1.5 1.5 0.106506868014
10 20 0 -1 0.108373681713
10 250 1.3 1 0.120925450765
10 5 1.3 1 0.120982278702
15 20 0 -1 0.128942674621
15 1 -1.5 -1 0.131559627679
10 250 -1.3 1.5 0.140500002859
20 250 1.3 0 0.143924094581
20 250 1.3 -1 0.146260385678
20 250 1.3 -1.5 0.147985050391
15 10 1.3 1 0.148885490649
20 50 0 -1.5 0.151459899739
15 5 -1.3 0 0.154246640851
10 250 -1.0 -1.5 0.159933661575
15 5 -1.0 -1 0.161246965213
10 5 0 0 0.172093958116
10 250 -1.3 -1.5 0.172364692004
10 1 -1.0 -1 0.173391991956
15 50 -1.3 -1.5 0.174326122739
20 5 -1.5 -1 0.182087938312
15 100 -1.3 -1.5 0.184934663106
15 250 -1.5 1.5 0.189929999558
15 250 -1.0 1.5 0.194518786598
15 100 -1.3 1.5 0.19575382844
20 100 -1.3 1.5 0.19575382844
20 100 -1.5 1.5 0.19575382844
10 250 -1.5 1 0.201953675444
20 50 0 -1 0.207167256862
15 50 0 1.5 0.207879075932
10 50 -1.0 1.5 0.210439082423
10 5 0 1.5 0.210701594555
15 250 1.5 0 0.211240356453
15 250 1.5 -1 0.212577619716
15 250 1.5 -1.5 0.212868589281
10 250 -1.0 1.5 0.213101113563
10 20 0 -1.5 0.220042486999
15 250 -1.3 1.5 0.22188307959
20 250 -1.3 1.5 0.22188307959
20 250 -1.5 1.5 0.22188307959
10 5 -1.0 -1 0.225204698882
15 5 0 1.5 0.237461707545
20 100 -1.0 1.5 0.239063770981
10 1 -1.5 -1.5 0.257556351298
15 10 0 1 0.275044116695
10 100 -1.3 1 0.277686026444
15 100 0 1.5 0.283053710102
15 5 -1.0 1 0.286629973725
15 250 1.0 -1 0.287514387296
15 250 1.0 -1.5 0.292781075717
15 250 1.0 0 0.299540768648
10 50 -1.3 1.5 0.307207043119
10 50 -1.0 -1.5 0.313644029957
20 250 -1.0 1.5 0.313735877454
15 50 -1.0 1.5 0.313859034755
10 50 -1.3 -1.5 0.315990917809
15 5 -1.5 -1 0.318336802178
10 5 -1.0 -1.5 0.324053070551
15 5 -1.3 -1 0.34699192412
10 50 -1.5 1.5 0.380687868793
15 1 -1.0 1 0.384548592578
15 1 -1.3 -1 0.39959412261
10 5 0 1 0.408406286004
10 250 1.5 -1 0.410864402808
10 250 1.5 -1.5 0.412846619036
10 5 -1.3 1 0.417398883931
10 5 -1.3 -1.5 0.440255533637
15 250 1.3 0 0.444877342957
15 250 1.3 -1 0.450634363497
15 250 1.3 -1.5 0.450751611424
15 100 -1.0 1.5 0.478102096811
10 250 1.5 0 0.478162122179
15 10 0 1.5 0.547952885947
10 100 -1.3 1.5 0.548921984494
10 250 1.3 -1 0.560741014301
10 10 0 1.5 0.566067083476
10 5 -1.0 1 0.567043722806
10 250 1.3 -1.5 0.569324520107
10 250 1.3 0 0.572164636245
10 50 -1.5 1 0.592313676691
10 5 -1.3 1.5 0.596901135705
10 100 -1.0 1.5 0.621626477562
10 100 -1.5 1.5 0.639945339625
10 100 -1.5 1 0.857539205693
10 10 0 1 1.02898799103
10 10 -1.3 1.5 1.03064940606
15 250 0 1.5 1.29772680293e-05
